<?xml version="1.0" encoding="UTF-8"?>
<!-- Generated by org.testng.reporters.JUnitXMLReporter -->
<testsuite hostname="RPC060" ignored="0" name="Firefox Test" tests="2" failures="0" timestamp="24 Jan 2018 11:04:32 GMT" time="16.306" errors="0">
  <testcase name="@BeforeTest openBrowser" time="16.239" classname="com.qa.testing.practice.Parallel">
    <failure type="java.lang.IllegalStateException" message="The driver executable does not exist: D:\SmartPoint_Sudhahar\AutomationVerzion_Build\Automation2018\com.qa.testing\.\driver\geckodriver.exe">
      <![CDATA[java.lang.IllegalStateException: The driver executable does not exist: D:\SmartPoint_Sudhahar\AutomationVerzion_Build\Automation2018\com.qa.testing\.\driver\geckodriver.exeat com.google.common.base.Preconditions.checkState(Preconditions.java:534)at org.openqa.selenium.remote.service.DriverService.checkExecutable(DriverService.java:136)at org.openqa.selenium.remote.service.DriverService.findExecutable(DriverService.java:131)at org.openqa.selenium.firefox.GeckoDriverService.access$100(GeckoDriverService.java:41)at org.openqa.selenium.firefox.GeckoDriverService$Builder.findDefaultExecutable(GeckoDriverService.java:141)at org.openqa.selenium.remote.service.DriverService$Builder.build(DriverService.java:339)at org.openqa.selenium.firefox.FirefoxDriver.toExecutor(FirefoxDriver.java:158)at org.openqa.selenium.firefox.FirefoxDriver.<init>(FirefoxDriver.java:120)at org.openqa.selenium.firefox.FirefoxDriver.<init>(FirefoxDriver.java:98)at com.qa.testing.practice.Parallel.openBrowser(Parallel.java:28)... Removed 24 stack frames]]>
    </failure>
  </testcase> <!-- @BeforeTest openBrowser -->
  <testcase name="@AfterTest closeBrowser" time="0.0" classname="com.qa.testing.practice.Parallel">
    <skipped/>
  </testcase> <!-- @AfterTest closeBrowser -->
  <testcase name="login_TestCase" time="0.0" classname="com.qa.testing.practice.Parallel">
    <skipped/>
  </testcase> <!-- login_TestCase -->
  <testcase name="search_TestCase" time="0.0" classname="com.qa.testing.practice.Parallel">
    <skipped/>
  </testcase> <!-- search_TestCase -->
</testsuite> <!-- Firefox Test -->
