<?xml version="1.0" encoding="UTF-8"?>
<!-- Generated by org.testng.reporters.JUnitXMLReporter -->
<testsuite hostname="RPC060" ignored="0" name="Internet Explorer Test" tests="2" failures="0" timestamp="24 Jan 2018 11:04:58 GMT" time="10.251" errors="0">
  <testcase name="@BeforeTest openBrowser" time="10.221" classname="com.qa.testing.practice.Parallel">
    <failure type="java.lang.IllegalStateException" message="The driver executable does not exist: D:\SmartPoint_Sudhahar\AutomationVerzion_Build\Automation2018\com.qa.testing\.\driver\IEDriverServer.exe">
      <![CDATA[java.lang.IllegalStateException: The driver executable does not exist: D:\SmartPoint_Sudhahar\AutomationVerzion_Build\Automation2018\com.qa.testing\.\driver\IEDriverServer.exeat com.google.common.base.Preconditions.checkState(Preconditions.java:534)at org.openqa.selenium.remote.service.DriverService.checkExecutable(DriverService.java:136)at org.openqa.selenium.remote.service.DriverService.findExecutable(DriverService.java:131)at org.openqa.selenium.ie.InternetExplorerDriverService.access$000(InternetExplorerDriverService.java:32)at org.openqa.selenium.ie.InternetExplorerDriverService$Builder.findDefaultExecutable(InternetExplorerDriverService.java:167)at org.openqa.selenium.remote.service.DriverService$Builder.build(DriverService.java:339)at org.openqa.selenium.ie.InternetExplorerDriver.setupService(InternetExplorerDriver.java:291)at org.openqa.selenium.ie.InternetExplorerDriver.<init>(InternetExplorerDriver.java:213)at org.openqa.selenium.ie.InternetExplorerDriver.<init>(InternetExplorerDriver.java:152)at com.qa.testing.practice.Parallel.openBrowser(Parallel.java:36)... Removed 24 stack frames]]>
    </failure>
  </testcase> <!-- @BeforeTest openBrowser -->
  <testcase name="@AfterTest closeBrowser" time="0.0" classname="com.qa.testing.practice.Parallel">
    <skipped/>
  </testcase> <!-- @AfterTest closeBrowser -->
  <testcase name="login_TestCase" time="0.0" classname="com.qa.testing.practice.Parallel">
    <skipped/>
  </testcase> <!-- login_TestCase -->
  <testcase name="search_TestCase" time="0.0" classname="com.qa.testing.practice.Parallel">
    <skipped/>
  </testcase> <!-- search_TestCase -->
</testsuite> <!-- Internet Explorer Test -->
