<?xml version="1.0" encoding="UTF-8"?>
<testng-results skipped="0" failed="0" ignored="0" total="2" passed="2">
  <reporter-output>
  </reporter-output>
  <suite name="Default suite" duration-ms="26" started-at="2019-02-19T06:50:11Z" finished-at="2019-02-19T06:50:11Z">
    <groups>
    </groups>
    <test name="Default test" duration-ms="26" started-at="2019-02-19T06:50:11Z" finished-at="2019-02-19T06:50:11Z">
      <class name="TestNg.A1_Annations">
        <test-method status="PASS" signature="beforeSuite()[pri:0, instance:TestNg.A1_Annations@cb644e]" name="beforeSuite" is-config="true" duration-ms="6" started-at="2019-02-19T12:20:11Z" finished-at="2019-02-19T12:20:11Z">
          <reporter-output>
          </reporter-output>
        </test-method> <!-- beforeSuite -->
        <test-method status="PASS" signature="beforeTest()[pri:0, instance:TestNg.A1_Annations@cb644e]" name="beforeTest" is-config="true" duration-ms="1" started-at="2019-02-19T12:20:11Z" finished-at="2019-02-19T12:20:11Z">
          <reporter-output>
          </reporter-output>
        </test-method> <!-- beforeTest -->
        <test-method status="PASS" signature="beforeClass()[pri:0, instance:TestNg.A1_Annations@cb644e]" name="beforeClass" is-config="true" duration-ms="0" started-at="2019-02-19T12:20:11Z" finished-at="2019-02-19T12:20:11Z">
          <reporter-output>
          </reporter-output>
        </test-method> <!-- beforeClass -->
        <test-method status="PASS" signature="beforeMethod()[pri:0, instance:TestNg.A1_Annations@cb644e]" name="beforeMethod" is-config="true" duration-ms="0" started-at="2019-02-19T12:20:11Z" finished-at="2019-02-19T12:20:11Z">
          <reporter-output>
          </reporter-output>
        </test-method> <!-- beforeMethod -->
        <test-method status="PASS" signature="f()[pri:1, instance:TestNg.A1_Annations@cb644e]" name="f" duration-ms="4" started-at="2019-02-19T12:20:11Z" finished-at="2019-02-19T12:20:11Z">
          <reporter-output>
          </reporter-output>
        </test-method> <!-- f -->
        <test-method status="PASS" signature="afterMethod()[pri:0, instance:TestNg.A1_Annations@cb644e]" name="afterMethod" is-config="true" duration-ms="0" started-at="2019-02-19T12:20:11Z" finished-at="2019-02-19T12:20:11Z">
          <reporter-output>
          </reporter-output>
        </test-method> <!-- afterMethod -->
        <test-method status="PASS" signature="beforeMethod()[pri:0, instance:TestNg.A1_Annations@cb644e]" name="beforeMethod" is-config="true" duration-ms="3" started-at="2019-02-19T12:20:11Z" finished-at="2019-02-19T12:20:11Z">
          <reporter-output>
          </reporter-output>
        </test-method> <!-- beforeMethod -->
        <test-method status="PASS" signature="f2()[pri:2, instance:TestNg.A1_Annations@cb644e]" name="f2" duration-ms="1" started-at="2019-02-19T12:20:11Z" finished-at="2019-02-19T12:20:11Z">
          <reporter-output>
          </reporter-output>
        </test-method> <!-- f2 -->
        <test-method status="PASS" signature="afterMethod()[pri:0, instance:TestNg.A1_Annations@cb644e]" name="afterMethod" is-config="true" duration-ms="2" started-at="2019-02-19T12:20:11Z" finished-at="2019-02-19T12:20:11Z">
          <reporter-output>
          </reporter-output>
        </test-method> <!-- afterMethod -->
        <test-method status="PASS" signature="afterTest()[pri:0, instance:TestNg.A1_Annations@cb644e]" name="afterTest" is-config="true" duration-ms="1" started-at="2019-02-19T12:20:11Z" finished-at="2019-02-19T12:20:11Z">
          <reporter-output>
          </reporter-output>
        </test-method> <!-- afterTest -->
        <test-method status="PASS" signature="afterClass()[pri:0, instance:TestNg.A1_Annations@cb644e]" name="afterClass" is-config="true" duration-ms="0" started-at="2019-02-19T12:20:11Z" finished-at="2019-02-19T12:20:11Z">
          <reporter-output>
          </reporter-output>
        </test-method> <!-- afterClass -->
        <test-method status="PASS" signature="afterSuite()[pri:0, instance:TestNg.A1_Annations@cb644e]" name="afterSuite" is-config="true" duration-ms="0" started-at="2019-02-19T12:20:11Z" finished-at="2019-02-19T12:20:11Z">
          <reporter-output>
          </reporter-output>
        </test-method> <!-- afterSuite -->
      </class> <!-- TestNg.A1_Annations -->
    </test> <!-- Default test -->
  </suite> <!-- Default suite -->
</testng-results>
